<?xml version="1.0" encoding="UTF-8"?>
<!-- Generated by org.testng.reporters.JUnitXMLReporter -->
<testsuite ignored="0" hostname="Aduitiya" failures="0" tests="6" name="Test" time="0.042" errors="0" timestamp="2022-05-06T00:00:13 IST">
  <testcase classname="MavenJavaPractice.RestAPITest" name="deleteTwitter" time="0.003"/>
  <testcase classname="MavenJavaPractice.RestAPITest" name="postJira" time="0.0"/>
  <testcase classname="MavenJavaPractice.SeleniumTest" name="browserAutomation" time="0.0"/>
  <testcase classname="MavenJavaPractice.SeleniumTest" name="elementsUI" time="0.001"/>
  <testcase classname="MavenJavaPractice.AppiumTest" name="iOSApps" time="0.001"/>
  <testcase classname="MavenJavaPractice.AppiumTest" name="nativeAppAndroid" time="0.001"/>
</testsuite> <!-- Test -->
