<?xml version="1.0" encoding="UTF-8"?>
<testng-results ignored="0" total="6" passed="6" failed="0" skipped="0">
  <reporter-output>
  </reporter-output>
  <suite started-at="2022-05-06T00:00:13 IST" name="Suite" finished-at="2022-05-06T00:00:13 IST" duration-ms="42">
    <groups>
    </groups>
    <test started-at="2022-05-06T00:00:13 IST" name="Test" finished-at="2022-05-06T00:00:13 IST" duration-ms="42">
      <class name="MavenJavaPractice.AppiumTest">
        <test-method signature="iOSApps()[pri:0, instance:MavenJavaPractice.AppiumTest@36c88a32]" started-at="2022-05-06T00:00:13 IST" name="iOSApps" finished-at="2022-05-06T00:00:13 IST" duration-ms="1" status="PASS">
          <reporter-output>
          </reporter-output>
        </test-method> <!-- iOSApps -->
        <test-method signature="nativeAppAndroid()[pri:0, instance:MavenJavaPractice.AppiumTest@36c88a32]" started-at="2022-05-06T00:00:13 IST" name="nativeAppAndroid" finished-at="2022-05-06T00:00:13 IST" duration-ms="1" status="PASS">
          <reporter-output>
          </reporter-output>
        </test-method> <!-- nativeAppAndroid -->
      </class> <!-- MavenJavaPractice.AppiumTest -->
      <class name="MavenJavaPractice.RestAPITest">
        <test-method signature="deleteTwitter()[pri:0, instance:MavenJavaPractice.RestAPITest@4690b489]" started-at="2022-05-06T00:00:13 IST" name="deleteTwitter" finished-at="2022-05-06T00:00:13 IST" duration-ms="3" status="PASS">
          <reporter-output>
          </reporter-output>
        </test-method> <!-- deleteTwitter -->
        <test-method signature="postJira()[pri:0, instance:MavenJavaPractice.RestAPITest@4690b489]" started-at="2022-05-06T00:00:13 IST" name="postJira" finished-at="2022-05-06T00:00:13 IST" duration-ms="0" status="PASS">
          <reporter-output>
          </reporter-output>
        </test-method> <!-- postJira -->
      </class> <!-- MavenJavaPractice.RestAPITest -->
      <class name="MavenJavaPractice.SeleniumTest">
        <test-method signature="elementsUI()[pri:0, instance:MavenJavaPractice.SeleniumTest@ef9296d]" started-at="2022-05-06T00:00:13 IST" name="elementsUI" finished-at="2022-05-06T00:00:13 IST" duration-ms="1" status="PASS">
          <reporter-output>
          </reporter-output>
        </test-method> <!-- elementsUI -->
        <test-method signature="browserAutomation()[pri:0, instance:MavenJavaPractice.SeleniumTest@ef9296d]" started-at="2022-05-06T00:00:13 IST" name="browserAutomation" finished-at="2022-05-06T00:00:13 IST" duration-ms="0" status="PASS">
          <reporter-output>
          </reporter-output>
        </test-method> <!-- browserAutomation -->
      </class> <!-- MavenJavaPractice.SeleniumTest -->
    </test> <!-- Test -->
  </suite> <!-- Suite -->
</testng-results>
