<?xml version="1.0" encoding="UTF-8"?>
<testng-results ignored="0" total="2" passed="2" failed="0" skipped="0">
  <reporter-output>
  </reporter-output>
  <suite started-at="2022-05-05T04:31:53 IST" name="Default suite" finished-at="2022-05-05T04:31:53 IST" duration-ms="76">
    <groups>
    </groups>
    <test started-at="2022-05-05T04:31:53 IST" name="Default test" finished-at="2022-05-05T04:31:53 IST" duration-ms="76">
      <class name="MavenJavaPractice.SeleniumTest">
        <test-method signature="browserAutomation()[pri:0, instance:MavenJavaPractice.SeleniumTest@1a18644]" started-at="2022-05-05T04:31:53 IST" name="browserAutomation" finished-at="2022-05-05T04:31:53 IST" duration-ms="11" status="PASS">
          <reporter-output>
          </reporter-output>
        </test-method> <!-- browserAutomation -->
        <test-method signature="elementsUI()[pri:0, instance:MavenJavaPractice.SeleniumTest@1a18644]" started-at="2022-05-05T04:31:53 IST" name="elementsUI" finished-at="2022-05-05T04:31:53 IST" duration-ms="2" status="PASS">
          <reporter-output>
          </reporter-output>
        </test-method> <!-- elementsUI -->
      </class> <!-- MavenJavaPractice.SeleniumTest -->
    </test> <!-- Default test -->
  </suite> <!-- Default suite -->
</testng-results>
